{"C:\\Users\\Alibek\\WebstormProjects\\router-20\\src\\homework\\bankAccount.tsx": {"path":"C:\\Users\\Alibek\\WebstormProjects\\router-20\\src\\homework\\bankAccount.tsx","all":false,"statementMap":{"0":{"start":{"line":1,"column":0},"end":{"line":1,"column":0}},"1":{"start":{"line":2,"column":0},"end":{"line":2,"column":23}},"2":{"start":{"line":3,"column":0},"end":{"line":3,"column":46}},"3":{"start":{"line":4,"column":0},"end":{"line":4,"column":19}},"4":{"start":{"line":5,"column":0},"end":{"line":5,"column":15}},"5":{"start":{"line":6,"column":0},"end":{"line":6,"column":1}},"6":{"start":{"line":7,"column":0},"end":{"line":7,"column":0}},"7":{"start":{"line":8,"column":0},"end":{"line":8,"column":26}},"8":{"start":{"line":9,"column":0},"end":{"line":9,"column":32}},"9":{"start":{"line":10,"column":0},"end":{"line":10,"column":45}},"10":{"start":{"line":11,"column":0},"end":{"line":11,"column":0}},"11":{"start":{"line":12,"column":0},"end":{"line":12,"column":77}},"12":{"start":{"line":13,"column":0},"end":{"line":13,"column":32}},"13":{"start":{"line":14,"column":0},"end":{"line":14,"column":17}},"14":{"start":{"line":15,"column":0},"end":{"line":15,"column":19}},"15":{"start":{"line":16,"column":0},"end":{"line":16,"column":29}},"16":{"start":{"line":17,"column":0},"end":{"line":17,"column":11}},"17":{"start":{"line":18,"column":0},"end":{"line":18,"column":5}},"18":{"start":{"line":19,"column":0},"end":{"line":19,"column":0}},"19":{"start":{"line":20,"column":0},"end":{"line":20,"column":35}},"20":{"start":{"line":21,"column":0},"end":{"line":21,"column":26}},"21":{"start":{"line":22,"column":0},"end":{"line":22,"column":61}},"22":{"start":{"line":23,"column":0},"end":{"line":23,"column":9}},"23":{"start":{"line":24,"column":0},"end":{"line":24,"column":0}},"24":{"start":{"line":25,"column":0},"end":{"line":25,"column":31}},"25":{"start":{"line":26,"column":0},"end":{"line":26,"column":0}},"26":{"start":{"line":27,"column":0},"end":{"line":27,"column":32}},"27":{"start":{"line":28,"column":0},"end":{"line":28,"column":28}},"28":{"start":{"line":29,"column":0},"end":{"line":29,"column":19}},"29":{"start":{"line":30,"column":0},"end":{"line":30,"column":29}},"30":{"start":{"line":31,"column":0},"end":{"line":31,"column":11}},"31":{"start":{"line":32,"column":0},"end":{"line":32,"column":5}},"32":{"start":{"line":33,"column":0},"end":{"line":33,"column":0}},"33":{"start":{"line":34,"column":0},"end":{"line":34,"column":36}},"34":{"start":{"line":35,"column":0},"end":{"line":35,"column":26}},"35":{"start":{"line":36,"column":0},"end":{"line":36,"column":61}},"36":{"start":{"line":37,"column":0},"end":{"line":37,"column":9}},"37":{"start":{"line":38,"column":0},"end":{"line":38,"column":0}},"38":{"start":{"line":39,"column":0},"end":{"line":39,"column":36}},"39":{"start":{"line":40,"column":0},"end":{"line":40,"column":50}},"40":{"start":{"line":41,"column":0},"end":{"line":41,"column":9}},"41":{"start":{"line":42,"column":0},"end":{"line":42,"column":0}},"42":{"start":{"line":43,"column":0},"end":{"line":43,"column":31}},"43":{"start":{"line":44,"column":0},"end":{"line":44,"column":48}},"44":{"start":{"line":45,"column":0},"end":{"line":45,"column":5}},"45":{"start":{"line":46,"column":0},"end":{"line":46,"column":0}},"46":{"start":{"line":47,"column":0},"end":{"line":47,"column":57}},"47":{"start":{"line":48,"column":0},"end":{"line":48,"column":26}},"48":{"start":{"line":49,"column":0},"end":{"line":49,"column":61}},"49":{"start":{"line":50,"column":0},"end":{"line":50,"column":9}},"50":{"start":{"line":51,"column":0},"end":{"line":51,"column":0}},"51":{"start":{"line":52,"column":0},"end":{"line":52,"column":36}},"52":{"start":{"line":53,"column":0},"end":{"line":53,"column":50}},"53":{"start":{"line":54,"column":0},"end":{"line":54,"column":9}},"54":{"start":{"line":55,"column":0},"end":{"line":55,"column":0}},"55":{"start":{"line":56,"column":0},"end":{"line":56,"column":31}},"56":{"start":{"line":57,"column":0},"end":{"line":57,"column":33}},"57":{"start":{"line":58,"column":0},"end":{"line":58,"column":48}},"58":{"start":{"line":59,"column":0},"end":{"line":59,"column":49}},"59":{"start":{"line":60,"column":0},"end":{"line":60,"column":5}},"60":{"start":{"line":61,"column":0},"end":{"line":61,"column":0}},"61":{"start":{"line":62,"column":0},"end":{"line":62,"column":26}},"62":{"start":{"line":63,"column":0},"end":{"line":63,"column":28}},"63":{"start":{"line":64,"column":0},"end":{"line":64,"column":5}},"64":{"start":{"line":65,"column":0},"end":{"line":65,"column":0}},"65":{"start":{"line":66,"column":0},"end":{"line":66,"column":33}},"66":{"start":{"line":67,"column":0},"end":{"line":67,"column":38}},"67":{"start":{"line":68,"column":0},"end":{"line":68,"column":5}},"68":{"start":{"line":69,"column":0},"end":{"line":69,"column":1}}},"s":{"0":1,"1":1,"2":1,"3":1,"4":1,"5":1,"6":1,"7":2,"8":2,"9":2,"10":2,"11":2,"12":3,"13":3,"14":3,"15":3,"16":3,"17":3,"18":2,"19":2,"20":1,"21":0,"22":0,"23":1,"24":1,"25":1,"26":1,"27":1,"28":1,"29":1,"30":1,"31":1,"32":2,"33":2,"34":1,"35":0,"36":0,"37":1,"38":1,"39":0,"40":0,"41":1,"42":1,"43":1,"44":1,"45":2,"46":2,"47":1,"48":0,"49":0,"50":1,"51":1,"52":0,"53":0,"54":1,"55":1,"56":1,"57":1,"58":1,"59":1,"60":2,"61":2,"62":0,"63":0,"64":2,"65":2,"66":1,"67":1,"68":2},"branchMap":{"0":{"type":"branch","line":8,"loc":{"start":{"line":8,"column":0},"end":{"line":69,"column":1}},"locations":[{"start":{"line":8,"column":0},"end":{"line":69,"column":1}}]},"1":{"type":"branch","line":12,"loc":{"start":{"line":12,"column":12},"end":{"line":18,"column":5}},"locations":[{"start":{"line":12,"column":12},"end":{"line":18,"column":5}}]},"2":{"type":"branch","line":20,"loc":{"start":{"line":20,"column":4},"end":{"line":32,"column":5}},"locations":[{"start":{"line":20,"column":4},"end":{"line":32,"column":5}}]},"3":{"type":"branch","line":21,"loc":{"start":{"line":21,"column":25},"end":{"line":23,"column":9}},"locations":[{"start":{"line":21,"column":25},"end":{"line":23,"column":9}}]},"4":{"type":"branch","line":34,"loc":{"start":{"line":34,"column":4},"end":{"line":45,"column":5}},"locations":[{"start":{"line":34,"column":4},"end":{"line":45,"column":5}}]},"5":{"type":"branch","line":35,"loc":{"start":{"line":35,"column":25},"end":{"line":37,"column":9}},"locations":[{"start":{"line":35,"column":25},"end":{"line":37,"column":9}}]},"6":{"type":"branch","line":39,"loc":{"start":{"line":39,"column":35},"end":{"line":41,"column":9}},"locations":[{"start":{"line":39,"column":35},"end":{"line":41,"column":9}}]},"7":{"type":"branch","line":47,"loc":{"start":{"line":47,"column":4},"end":{"line":60,"column":5}},"locations":[{"start":{"line":47,"column":4},"end":{"line":60,"column":5}}]},"8":{"type":"branch","line":48,"loc":{"start":{"line":48,"column":25},"end":{"line":50,"column":9}},"locations":[{"start":{"line":48,"column":25},"end":{"line":50,"column":9}}]},"9":{"type":"branch","line":52,"loc":{"start":{"line":52,"column":35},"end":{"line":54,"column":9}},"locations":[{"start":{"line":52,"column":35},"end":{"line":54,"column":9}}]},"10":{"type":"branch","line":66,"loc":{"start":{"line":66,"column":4},"end":{"line":68,"column":5}},"locations":[{"start":{"line":66,"column":4},"end":{"line":68,"column":5}}]}},"b":{"0":[2],"1":[3],"2":[1],"3":[0],"4":[1],"5":[0],"6":[0],"7":[1],"8":[0],"9":[0],"10":[1]},"fnMap":{"0":{"name":"BankAccount","decl":{"start":{"line":8,"column":0},"end":{"line":69,"column":1}},"loc":{"start":{"line":8,"column":0},"end":{"line":69,"column":1}},"line":8},"1":{"name":"addTransaction","decl":{"start":{"line":12,"column":12},"end":{"line":18,"column":5}},"loc":{"start":{"line":12,"column":12},"end":{"line":18,"column":5}},"line":12},"2":{"name":"deposit","decl":{"start":{"line":20,"column":4},"end":{"line":32,"column":5}},"loc":{"start":{"line":20,"column":4},"end":{"line":32,"column":5}},"line":20},"3":{"name":"withdraw","decl":{"start":{"line":34,"column":4},"end":{"line":45,"column":5}},"loc":{"start":{"line":34,"column":4},"end":{"line":45,"column":5}},"line":34},"4":{"name":"transfer","decl":{"start":{"line":47,"column":4},"end":{"line":60,"column":5}},"loc":{"start":{"line":47,"column":4},"end":{"line":60,"column":5}},"line":47},"5":{"name":"getBalance","decl":{"start":{"line":62,"column":4},"end":{"line":64,"column":5}},"loc":{"start":{"line":62,"column":4},"end":{"line":64,"column":5}},"line":62},"6":{"name":"getHistory","decl":{"start":{"line":66,"column":4},"end":{"line":68,"column":5}},"loc":{"start":{"line":66,"column":4},"end":{"line":68,"column":5}},"line":66}},"f":{"0":2,"1":3,"2":1,"3":1,"4":1,"5":0,"6":1}}
}
