TN:
SF:src\homework\bankAccount.tsx
FN:8,BankAccount
FN:12,addTransaction
FN:20,deposit
FN:34,withdraw
FN:47,transfer
FN:62,getBalance
FN:66,getHistory
FNF:7
FNH:6
FNDA:2,BankAccount
FNDA:3,addTransaction
FNDA:1,deposit
FNDA:1,withdraw
FNDA:1,transfer
FNDA:0,getBalance
FNDA:1,getHistory
DA:1,1
DA:2,1
DA:3,1
DA:4,1
DA:5,1
DA:6,1
DA:7,1
DA:8,2
DA:9,2
DA:10,2
DA:11,2
DA:12,2
DA:13,3
DA:14,3
DA:15,3
DA:16,3
DA:17,3
DA:18,3
DA:19,2
DA:20,2
DA:21,1
DA:22,0
DA:23,0
DA:24,1
DA:25,1
DA:26,1
DA:27,1
DA:28,1
DA:29,1
DA:30,1
DA:31,1
DA:32,1
DA:33,2
DA:34,2
DA:35,1
DA:36,0
DA:37,0
DA:38,1
DA:39,1
DA:40,0
DA:41,0
DA:42,1
DA:43,1
DA:44,1
DA:45,1
DA:46,2
DA:47,2
DA:48,1
DA:49,0
DA:50,0
DA:51,1
DA:52,1
DA:53,0
DA:54,0
DA:55,1
DA:56,1
DA:57,1
DA:58,1
DA:59,1
DA:60,1
DA:61,2
DA:62,2
DA:63,0
DA:64,0
DA:65,2
DA:66,2
DA:67,1
DA:68,1
DA:69,2
LF:69
LH:57
BRDA:8,0,0,2
BRDA:12,1,0,3
BRDA:20,2,0,1
BRDA:21,3,0,0
BRDA:34,4,0,1
BRDA:35,5,0,0
BRDA:39,6,0,0
BRDA:47,7,0,1
BRDA:48,8,0,0
BRDA:52,9,0,0
BRDA:66,10,0,1
BRF:11
BRH:6
end_of_record
