TN:
SF:src/homework/service/pokeService.tsx
FN:18,getPokemon
FN:32,getMoveDetails
FN:49,getStrongestMove
FN:69,battle
FNF:4
FNH:2
FNDA:2,getPokemon
FNDA:0,getMoveDetails
FNDA:0,getStrongestMove
FNDA:1,battle
DA:1,1
DA:2,1
DA:3,1
DA:4,1
DA:5,1
DA:6,1
DA:7,1
DA:8,1
DA:9,1
DA:10,1
DA:11,1
DA:12,1
DA:13,1
DA:14,1
DA:15,1
DA:16,1
DA:17,1
DA:18,2
DA:19,2
DA:20,2
DA:21,2
DA:22,2
DA:23,2
DA:24,2
DA:25,2
DA:26,2
DA:27,2
DA:28,2
DA:29,2
DA:30,2
DA:31,1
DA:32,0
DA:33,0
DA:34,0
DA:35,0
DA:36,0
DA:37,0
DA:38,0
DA:39,0
DA:40,0
DA:41,0
DA:42,0
DA:43,0
DA:44,1
DA:45,1
DA:46,1
DA:47,1
DA:48,1
DA:49,0
DA:50,0
DA:51,0
DA:52,0
DA:53,0
DA:54,0
DA:55,0
DA:56,0
DA:57,0
DA:58,0
DA:59,0
DA:60,0
DA:61,0
DA:62,0
DA:63,1
DA:64,1
DA:65,1
DA:66,1
DA:67,1
DA:68,1
DA:69,1
DA:70,1
DA:71,1
DA:72,1
DA:73,1
DA:74,1
DA:75,1
DA:76,1
DA:77,1
DA:78,1
LF:78
LH:52
BRDA:18,0,0,2
BRDA:20,1,0,0
BRDA:25,2,0,2
BRDA:26,3,0,4
BRDA:27,4,0,6
BRDA:69,5,0,1
BRDA:75,6,0,0
BRDA:76,7,0,0
BRF:8
BRH:5
end_of_record
